<?xml version="1.0" encoding="UTF-8"?>
<testng-results ignored="0" total="1" passed="1" failed="0" skipped="0">
  <reporter-output>
  </reporter-output>
  <suite started-at="2024-01-01T09:44:13 IST" name="Default suite" finished-at="2024-01-01T09:45:35 IST" duration-ms="81990">
    <groups>
    </groups>
    <test started-at="2024-01-01T09:44:13 IST" name="Default test" finished-at="2024-01-01T09:45:35 IST" duration-ms="81990">
      <class name="test.Trivago_Test">
        <test-method is-config="true" signature="setup()[pri:0, instance:test.Trivago_Test@6aeb35e6]" started-at="2024-01-01T09:44:13 IST" name="setup" finished-at="2024-01-01T09:44:16 IST" duration-ms="2941" status="PASS">
          <reporter-output>
          </reporter-output>
        </test-method> <!-- setup -->
        <test-method is-config="true" signature="urlloading()[pri:0, instance:test.Trivago_Test@6aeb35e6]" started-at="2024-01-01T09:44:16 IST" name="urlloading" finished-at="2024-01-01T09:44:19 IST" duration-ms="2311" status="PASS">
          <reporter-output>
          </reporter-output>
        </test-method> <!-- urlloading -->
        <test-method signature="test()[pri:0, instance:test.Trivago_Test@6aeb35e6]" started-at="2024-01-01T09:44:19 IST" name="test" finished-at="2024-01-01T09:45:35 IST" duration-ms="76673" status="PASS">
          <reporter-output>
          </reporter-output>
        </test-method> <!-- test -->
      </class> <!-- test.Trivago_Test -->
    </test> <!-- Default test -->
  </suite> <!-- Default suite -->
</testng-results>
